<?xml version="1.0" encoding="utf-8"?><testsuites name="pytest tests"><testsuite name="pytest" errors="0" failures="0" skipped="0" tests="14" time="4.831" timestamp="2026-03-29T05:30:28.852050+00:00" hostname="agent-env-b7552acd-60d0-4bd3-9a28-7d87ee59264a"><testcase classname="tests.test_graph_and_pagination.TestGraphEndpoint" name="test_graph_returns_200" time="0.250" /><testcase classname="tests.test_graph_and_pagination.TestGraphEndpoint" name="test_graph_response_structure" time="0.137" /><testcase classname="tests.test_graph_and_pagination.TestGraphEndpoint" name="test_graph_with_custom_threshold" time="0.103" /><testcase classname="tests.test_graph_and_pagination.TestGraphEndpoint" name="test_graph_caching_works" time="0.383" /><testcase classname="tests.test_graph_and_pagination.TestGraphEndpoint" name="test_graph_node_structure" time="0.106" /><testcase classname="tests.test_graph_and_pagination.TestGraphEndpoint" name="test_graph_edge_structure" time="0.134" /><testcase classname="tests.test_graph_and_pagination.TestGraphEndpoint" name="test_graph_cache_invalidation_on_ingest" time="1.100" /><testcase classname="tests.test_graph_and_pagination.TestGraphEndpoint" name="test_graph_cache_invalidation_on_delete" time="1.658" /><testcase classname="tests.test_graph_and_pagination.TestNotesPagination" name="test_notes_pagination_default" time="0.159" /><testcase classname="tests.test_graph_and_pagination.TestNotesPagination" name="test_notes_pagination_custom_limit" time="0.132" /><testcase classname="tests.test_graph_and_pagination.TestNotesPagination" name="test_notes_pagination_second_page" time="0.184" /><testcase classname="tests.test_graph_and_pagination.TestNotesPagination" name="test_notes_pagination_total_pages_calculation" time="0.127" /><testcase classname="tests.test_graph_and_pagination.TestNotesPagination" name="test_notes_pagination_empty_page" time="0.106" /><testcase classname="tests.test_graph_and_pagination.TestCleanup" name="test_cleanup_test_notes" time="0.223" /></testsuite></testsuites>