<?xml version="1.0" encoding="utf-8"?><testsuites name="pytest tests"><testsuite name="pytest" errors="0" failures="0" skipped="0" tests="31" time="8.890" timestamp="2026-03-29T05:31:27.733923+00:00" hostname="agent-env-b7552acd-60d0-4bd3-9a28-7d87ee59264a"><testcase classname="tests.test_graph_and_pagination.TestGraphEndpoint" name="test_graph_returns_200" time="0.134" /><testcase classname="tests.test_graph_and_pagination.TestGraphEndpoint" name="test_graph_response_structure" time="0.113" /><testcase classname="tests.test_graph_and_pagination.TestGraphEndpoint" name="test_graph_with_custom_threshold" time="0.111" /><testcase classname="tests.test_graph_and_pagination.TestGraphEndpoint" name="test_graph_caching_works" time="0.367" /><testcase classname="tests.test_graph_and_pagination.TestGraphEndpoint" name="test_graph_node_structure" time="0.109" /><testcase classname="tests.test_graph_and_pagination.TestGraphEndpoint" name="test_graph_edge_structure" time="0.098" /><testcase classname="tests.test_graph_and_pagination.TestGraphEndpoint" name="test_graph_cache_invalidation_on_ingest" time="0.982" /><testcase classname="tests.test_graph_and_pagination.TestGraphEndpoint" name="test_graph_cache_invalidation_on_delete" time="1.574" /><testcase classname="tests.test_graph_and_pagination.TestNotesPagination" name="test_notes_pagination_default" time="0.114" /><testcase classname="tests.test_graph_and_pagination.TestNotesPagination" name="test_notes_pagination_custom_limit" time="0.100" /><testcase classname="tests.test_graph_and_pagination.TestNotesPagination" name="test_notes_pagination_second_page" time="0.158" /><testcase classname="tests.test_graph_and_pagination.TestNotesPagination" name="test_notes_pagination_total_pages_calculation" time="0.100" /><testcase classname="tests.test_graph_and_pagination.TestNotesPagination" name="test_notes_pagination_empty_page" time="0.101" /><testcase classname="tests.test_graph_and_pagination.TestCleanup" name="test_cleanup_test_notes" time="0.160" /><testcase classname="tests.test_rag_backend.TestHealthEndpoint" name="test_health_check_returns_200" time="0.114" /><testcase classname="tests.test_rag_backend.TestHealthEndpoint" name="test_health_check_structure" time="0.116" /><testcase classname="tests.test_rag_backend.TestStatsEndpoint" name="test_stats_returns_200" time="0.105" /><testcase classname="tests.test_rag_backend.TestStatsEndpoint" name="test_stats_structure" time="0.112" /><testcase classname="tests.test_rag_backend.TestNoteIngestion" name="test_ingest_text_note_success" time="0.187" /><testcase classname="tests.test_rag_backend.TestNoteIngestion" name="test_ingest_and_verify_persistence" time="0.741" /><testcase classname="tests.test_rag_backend.TestNoteIngestion" name="test_ingest_empty_content_fails" time="0.131" /><testcase classname="tests.test_rag_backend.TestNoteIngestion" name="test_ingest_short_content_fails" time="0.108" /><testcase classname="tests.test_rag_backend.TestRAGQuery" name="test_ask_question_returns_200" time="0.171" /><testcase classname="tests.test_rag_backend.TestRAGQuery" name="test_ask_response_structure" time="0.131" /><testcase classname="tests.test_rag_backend.TestRAGQuery" name="test_ask_with_existing_notes_returns_sources" time="0.792" /><testcase classname="tests.test_rag_backend.TestRAGQuery" name="test_ask_empty_question_fails" time="0.101" /><testcase classname="tests.test_rag_backend.TestNotesManagement" name="test_list_notes_returns_200" time="0.099" /><testcase classname="tests.test_rag_backend.TestNotesManagement" name="test_list_notes_returns_array" time="0.096" /><testcase classname="tests.test_rag_backend.TestNotesManagement" name="test_delete_note_success" time="1.239" /><testcase classname="tests.test_rag_backend.TestNotesManagement" name="test_delete_nonexistent_note_fails" time="0.112" /><testcase classname="tests.test_rag_backend.TestCleanup" name="test_cleanup_test_notes" time="0.263" /></testsuite></testsuites>