<?xml version="1.0" encoding="utf-8"?><testsuites name="pytest tests"><testsuite name="pytest" errors="0" failures="0" skipped="0" tests="31" time="9.500" timestamp="2026-03-29T05:49:04.554958+00:00" hostname="agent-env-b7552acd-60d0-4bd3-9a28-7d87ee59264a"><testcase classname="tests.test_rag_backend.TestHealthEndpoint" name="test_health_check_returns_200" time="0.154" /><testcase classname="tests.test_rag_backend.TestHealthEndpoint" name="test_health_check_structure" time="0.122" /><testcase classname="tests.test_rag_backend.TestStatsEndpoint" name="test_stats_returns_200" time="0.102" /><testcase classname="tests.test_rag_backend.TestStatsEndpoint" name="test_stats_structure" time="0.112" /><testcase classname="tests.test_rag_backend.TestNoteIngestion" name="test_ingest_text_note_success" time="0.257" /><testcase classname="tests.test_rag_backend.TestNoteIngestion" name="test_ingest_and_verify_persistence" time="0.748" /><testcase classname="tests.test_rag_backend.TestNoteIngestion" name="test_ingest_empty_content_fails" time="0.105" /><testcase classname="tests.test_rag_backend.TestNoteIngestion" name="test_ingest_short_content_fails" time="0.105" /><testcase classname="tests.test_rag_backend.TestRAGQuery" name="test_ask_question_returns_200" time="0.136" /><testcase classname="tests.test_rag_backend.TestRAGQuery" name="test_ask_response_structure" time="0.126" /><testcase classname="tests.test_rag_backend.TestRAGQuery" name="test_ask_with_existing_notes_returns_sources" time="0.732" /><testcase classname="tests.test_rag_backend.TestRAGQuery" name="test_ask_empty_question_fails" time="0.096" /><testcase classname="tests.test_rag_backend.TestNotesManagement" name="test_list_notes_returns_200" time="0.133" /><testcase classname="tests.test_rag_backend.TestNotesManagement" name="test_list_notes_returns_array" time="0.108" /><testcase classname="tests.test_rag_backend.TestNotesManagement" name="test_delete_note_success" time="1.312" /><testcase classname="tests.test_rag_backend.TestNotesManagement" name="test_delete_nonexistent_note_fails" time="0.098" /><testcase classname="tests.test_rag_backend.TestCleanup" name="test_cleanup_test_notes" time="0.564" /><testcase classname="tests.test_graph_and_pagination.TestGraphEndpoint" name="test_graph_returns_200" time="0.122" /><testcase classname="tests.test_graph_and_pagination.TestGraphEndpoint" name="test_graph_response_structure" time="0.110" /><testcase classname="tests.test_graph_and_pagination.TestGraphEndpoint" name="test_graph_with_custom_threshold" time="0.107" /><testcase classname="tests.test_graph_and_pagination.TestGraphEndpoint" name="test_graph_caching_works" time="0.340" /><testcase classname="tests.test_graph_and_pagination.TestGraphEndpoint" name="test_graph_node_structure" time="0.098" /><testcase classname="tests.test_graph_and_pagination.TestGraphEndpoint" name="test_graph_edge_structure" time="0.103" /><testcase classname="tests.test_graph_and_pagination.TestGraphEndpoint" name="test_graph_cache_invalidation_on_ingest" time="1.093" /><testcase classname="tests.test_graph_and_pagination.TestGraphEndpoint" name="test_graph_cache_invalidation_on_delete" time="1.657" /><testcase classname="tests.test_graph_and_pagination.TestNotesPagination" name="test_notes_pagination_default" time="0.148" /><testcase classname="tests.test_graph_and_pagination.TestNotesPagination" name="test_notes_pagination_custom_limit" time="0.110" /><testcase classname="tests.test_graph_and_pagination.TestNotesPagination" name="test_notes_pagination_second_page" time="0.150" /><testcase classname="tests.test_graph_and_pagination.TestNotesPagination" name="test_notes_pagination_total_pages_calculation" time="0.107" /><testcase classname="tests.test_graph_and_pagination.TestNotesPagination" name="test_notes_pagination_empty_page" time="0.116" /><testcase classname="tests.test_graph_and_pagination.TestCleanup" name="test_cleanup_test_notes" time="0.173" /></testsuite></testsuites>