<?xml version="1.0" encoding="utf-8"?><testsuites name="pytest tests"><testsuite name="pytest" errors="0" failures="0" skipped="0" tests="19" time="3.359" timestamp="2026-03-29T05:48:55.629353+00:00" hostname="agent-env-b7552acd-60d0-4bd3-9a28-7d87ee59264a"><testcase classname="tests.test_ollama_integration.TestEnhancedHealthEndpoint" name="test_health_returns_ollama_fields" time="0.263" /><testcase classname="tests.test_ollama_integration.TestEnhancedHealthEndpoint" name="test_health_ollama_error_message" time="0.132" /><testcase classname="tests.test_ollama_integration.TestOllamaStatusEndpoint" name="test_ollama_status_returns_200" time="0.185" /><testcase classname="tests.test_ollama_integration.TestOllamaStatusEndpoint" name="test_ollama_status_structure" time="0.146" /><testcase classname="tests.test_ollama_integration.TestOllamaStatusEndpoint" name="test_ollama_status_troubleshooting_hints" time="0.131" /><testcase classname="tests.test_ollama_integration.TestOllamaStatusEndpoint" name="test_ollama_status_when_unavailable" time="0.114" /><testcase classname="tests.test_ollama_integration.TestOllamaModelSwitching" name="test_set_model_returns_200" time="0.155" /><testcase classname="tests.test_ollama_integration.TestOllamaModelSwitching" name="test_set_model_response_structure" time="0.122" /><testcase classname="tests.test_ollama_integration.TestOllamaModelSwitching" name="test_set_model_persists" time="0.239" /><testcase classname="tests.test_ollama_integration.TestOllamaModelSwitching" name="test_set_model_multiple_switches" time="0.254" /><testcase classname="tests.test_ollama_integration.TestEnhancedAskEndpoint" name="test_ask_returns_mode_field" time="0.149" /><testcase classname="tests.test_ollama_integration.TestEnhancedAskEndpoint" name="test_ask_returns_model_field" time="0.148" /><testcase classname="tests.test_ollama_integration.TestEnhancedAskEndpoint" name="test_ask_returns_ollama_error_when_unavailable" time="0.169" /><testcase classname="tests.test_ollama_integration.TestEnhancedAskEndpoint" name="test_ask_extractive_mode_when_ollama_down" time="0.236" /><testcase classname="tests.test_ollama_integration.TestBackwardCompatibility" name="test_ingest_still_works" time="0.223" /><testcase classname="tests.test_ollama_integration.TestBackwardCompatibility" name="test_notes_pagination_still_works" time="0.114" /><testcase classname="tests.test_ollama_integration.TestBackwardCompatibility" name="test_graph_still_works" time="0.120" /><testcase classname="tests.test_ollama_integration.TestBackwardCompatibility" name="test_stats_still_works" time="0.119" /><testcase classname="tests.test_ollama_integration.TestCleanup" name="test_cleanup_test_notes" time="0.305" /></testsuite></testsuites>