<?xml version="1.0" encoding="utf-8"?><testsuites name="pytest tests"><testsuite name="pytest" errors="0" failures="0" skipped="0" tests="17" time="5.219" timestamp="2026-03-29T05:14:32.165306+00:00" hostname="agent-env-b7552acd-60d0-4bd3-9a28-7d87ee59264a"><testcase classname="tests.test_rag_backend.TestHealthEndpoint" name="test_health_check_returns_200" time="0.309" /><testcase classname="tests.test_rag_backend.TestHealthEndpoint" name="test_health_check_structure" time="0.162" /><testcase classname="tests.test_rag_backend.TestStatsEndpoint" name="test_stats_returns_200" time="0.156" /><testcase classname="tests.test_rag_backend.TestStatsEndpoint" name="test_stats_structure" time="0.106" /><testcase classname="tests.test_rag_backend.TestNoteIngestion" name="test_ingest_text_note_success" time="0.297" /><testcase classname="tests.test_rag_backend.TestNoteIngestion" name="test_ingest_and_verify_persistence" time="0.743" /><testcase classname="tests.test_rag_backend.TestNoteIngestion" name="test_ingest_empty_content_fails" time="0.106" /><testcase classname="tests.test_rag_backend.TestNoteIngestion" name="test_ingest_short_content_fails" time="0.144" /><testcase classname="tests.test_rag_backend.TestRAGQuery" name="test_ask_question_returns_200" time="0.162" /><testcase classname="tests.test_rag_backend.TestRAGQuery" name="test_ask_response_structure" time="0.134" /><testcase classname="tests.test_rag_backend.TestRAGQuery" name="test_ask_with_existing_notes_returns_sources" time="0.804" /><testcase classname="tests.test_rag_backend.TestRAGQuery" name="test_ask_empty_question_fails" time="0.099" /><testcase classname="tests.test_rag_backend.TestNotesManagement" name="test_list_notes_returns_200" time="0.108" /><testcase classname="tests.test_rag_backend.TestNotesManagement" name="test_list_notes_returns_array" time="0.118" /><testcase classname="tests.test_rag_backend.TestNotesManagement" name="test_delete_note_success" time="1.290" /><testcase classname="tests.test_rag_backend.TestNotesManagement" name="test_delete_nonexistent_note_fails" time="0.107" /><testcase classname="tests.test_rag_backend.TestCleanup" name="test_cleanup_test_notes" time="0.323" /></testsuite></testsuites>